<?xml version="1.0" encoding="UTF-8"?><testsuite failures="0" name="cucumber.runtime.formatter.JUnitFormatter" skipped="0" tests="1" time="46.071293">
<testcase classname="FacebookLogin" name="FacebookLoginTest" time="46.071293">
<system-out><![CDATA[Given user is already on login page.........................................passed
When Title of login page is facebook........................................passed
Then user enters username and password......................................passed
Then user clicks on login button............................................passed
Then user is on home page...................................................passed
Then user close the browser.................................................passed
]]></system-out>
</testcase>
</testsuite>
